0 info it worked if it ends with ok
1 verbose cli [ '/home/actiontec/Devs/node-v4.3.2/bin/node',
1 verbose cli   '/home/actiontec/Devs/node-v4.3.2/bin/npm',
1 verbose cli   'start' ]
2 info using npm@2.14.12
3 info using node@v4.3.2
4 verbose run-script [ 'prestart', 'start', 'poststart' ]
5 info prestart library@
6 info start library@
7 verbose unsafe-perm in lifecycle true
8 info library@ Failed to exec start script
9 verbose stack Error: library@ start: `meteor run`
9 verbose stack Exit status 254
9 verbose stack     at EventEmitter.<anonymous> (/home/actiontec/Devs/node-v4.3.2/lib/node_modules/npm/lib/utils/lifecycle.js:214:16)
9 verbose stack     at emitTwo (events.js:87:13)
9 verbose stack     at EventEmitter.emit (events.js:172:7)
9 verbose stack     at ChildProcess.<anonymous> (/home/actiontec/Devs/node-v4.3.2/lib/node_modules/npm/lib/utils/spawn.js:24:14)
9 verbose stack     at emitTwo (events.js:87:13)
9 verbose stack     at ChildProcess.emit (events.js:172:7)
9 verbose stack     at maybeClose (internal/child_process.js:821:16)
9 verbose stack     at Process.ChildProcess._handle.onexit (internal/child_process.js:211:5)
10 verbose pkgid library@
11 verbose cwd /home/actiontec/Workspace/github/manlin/library-develop
12 error Linux 3.16.0-71-generic
13 error argv "/home/actiontec/Devs/node-v4.3.2/bin/node" "/home/actiontec/Devs/node-v4.3.2/bin/npm" "start"
14 error node v4.3.2
15 error npm  v2.14.12
16 error code ELIFECYCLE
17 error library@ start: `meteor run`
17 error Exit status 254
18 error Failed at the library@ start script 'meteor run'.
18 error This is most likely a problem with the library package,
18 error not with npm itself.
18 error Tell the author that this fails on your system:
18 error     meteor run
18 error You can get their info via:
18 error     npm owner ls library
18 error There is likely additional logging output above.
19 verbose exit [ 1, true ]
